<!DOCTYPE html>
<html>
<head>
    <title>Automation Test Results</title>
    <style>
        body { font-family: Arial, sans-serif; }
        table { 
            width: 100%;
            border-collapse: collapse;
            margin: 20px 0;
        }
        th, td { 
            padding: 12px;
            text-align: left;
            border: 1px solid #ddd;
        }
        th {
            background-color: #90EE90;
            color: #333;
        }
        tr.passed { background-color: #E6FFE6; }
        tr.passed td:nth-child(3) { color: #2E8B57; font-weight: bold; }
        tr.failed { background-color: #FFE6E6; }
        tr.failed td:nth-child(3) { color: #CD5C5C; font-weight: bold; }
        .error-message { 
            color: #CD5C5C;
            font-family: monospace;
            white-space: pre-wrap;
        }
        .duration { color: #666; }
    </style>
</head>
<body>
    <h1>Test Execution Results</h1>
    <table>
        <thead>
            <tr>
                <th>#</th>
                <th>Test Name</th>
                <th>Status</th>
                <th>Duration</th>
                <th>Error Details</th>
            </tr>
        </thead>
        <tbody>
            <!-- Initial Test Cases -->
            <tr class="passed">
                <td>1</td>
                <td>Login with valid credentials</td>
                <td>Passed</td>
                <td>2.3s</td>
                <td></td>
            </tr>
            <tr class="failed">
                <td>2</td>
                <td>Verify order total calculation</td>
                <td>Failed</td>
                <td>1.5s</td>
                <td class="error-message">AssertionError: Expected total $150.00, but got $145.00</td>
            </tr>
            <tr class="failed">
                <td>3</td>
                <td>Check product description</td>
                <td>Failed</td>
                <td>1.8s</td>
                <td class="error-message">AssertionError: Product description does not match expected value</td>
            </tr>
            <tr class="failed">
                <td>4</td>
                <td>Add item to cart</td>
                <td>Failed</td>
                <td>3.2s</td>
                <td class="error-message">NoSuchElementException: Unable to locate element: //button[@id='add-to-cart']</td>
            </tr>
            <tr class="passed">
                <td>5</td>
                <td>View user profile</td>
                <td>Passed</td>
                <td>1.1s</td>
                <td></td>
            </tr>
            <!-- Generated Test Cases -->
            ${Array(45).fill().map((_, i) => {
                const index = i + 6;
                const scenarios = [
                    {
                        class: 'passed',
                        name: `User Navigation Test ${index}`,
                        status: 'Passed',
                        duration: `${(Math.random() * 2 + 0.5).toFixed(1)}s`,
                        error: ''
                    },
                    {
                        class: 'failed',
                        name: `Data Validation Test ${index}`,
                        status: 'Failed',
                        duration: `${(Math.random() * 3 + 1).toFixed(1)}s`,
                        error: `AssertionError: Data validation failed - Expected "valid" but got "invalid" in test ${index}`
                    },
                    {
                        class: 'failed',
                        name: `API Integration Test ${index}`,
                        status: 'Failed',
                        duration: `${(Math.random() * 4 + 2).toFixed(1)}s`,
                        error: `TimeoutException: API endpoint not responding after 30 seconds`
                    },
                    {
                        class: 'failed',
                        name: `UI Element Test ${index}`,
                        status: 'Failed',
                        duration: `${(Math.random() * 3 + 1).toFixed(1)}s`,
                        error: `ElementNotInteractableException: Element not visible or clickable at time of interaction`
                    }
                ];
                const scenario = scenarios[i % 4];
                return `
                <tr class="${scenario.class}">
                    <td>${index}</td>
                    <td>${scenario.name}</td>
                    <td>${scenario.status}</td>
                    <td>${scenario.duration}</td>
                    <td class="error-message">${scenario.error}</td>
                </tr>`;
            }).join('\n')}

            <!-- Additional Assertion Failures -->
            <tr class="failed">
                <td>51</td>
                <td>Password Validation Test</td>
                <td>Failed</td>
                <td>1.7s</td>
                <td class="error-message">AssertionError: Password strength validation failed - Expected minimum 8 characters</td>
            </tr>
            <tr class="failed">
                <td>52</td>
                <td>Calculate Total with Tax</td>
                <td>Failed</td>
                <td>2.1s</td>
                <td class="error-message">AssertionError: Expected $120.00 with tax, but got $110.00</td>
            </tr>

            <!-- Additional Script Issues -->
            <tr class="failed">
                <td>53</td>
                <td>Upload Document Test</td>
                <td>Failed</td>
                <td>4.5s</td>
                <td class="error-message">StaleElementReferenceException: Element is no longer attached to the DOM</td>
            </tr>
            <tr class="failed">
                <td>54</td>
                <td>Search with Filters</td>
                <td>Failed</td>
                <td>3.8s</td>
                <td class="error-message">TimeoutException: Element //div[@id='filter-panel'] not visible after 10 seconds</td>
            </tr>

            <!-- Final Passed Tests -->
            <tr class="passed">
                <td>55</td>
                <td>Logout Test</td>
                <td>Passed</td>
                <td>1.2s</td>
                <td></td>
            </tr>
        </tbody>
    </table>
</body>
</html>