<!DOCTYPE html>
<html>
<head>
    <title>Automation Test Results</title>
    <style>
        .passed { background-color: #dff0d8; color: #3c763d; }
        .failed { background-color: #f2dede; color: #a94442; }
        .error { color: red; }
        .test-case { margin: 10px 0; padding: 10px; border: 1px solid #ddd; }
    </style>
</head>
<body>
    <h1>Test Execution Results</h1>
    <div class="test-suite">
        <!-- Passed Tests -->
        <div class="test-case passed">
            <div class="test-name">Login with valid credentials</div>
            <div class="status">Passed</div>
            <div class="duration">2.3s</div>
        </div>

        <div class="test-case passed">
            <div class="test-name">Verify homepage navigation</div>
            <div class="status">Passed</div>
            <div class="duration">1.5s</div>
        </div>

        <!-- Assertion Failures (Application Defects) -->
        <div class="test-case failed">
            <div class="test-name">Verify order total calculation</div>
            <div class="status">Failed</div>
            <div class="error-message">AssertionError: Expected total $150.00, but got $145.00</div>
        </div>

        <div class="test-case failed">
            <div class="test-name">Check product description</div>
            <div class="status">Failed</div>
            <div class="error-message">assert 'Premium Package' in product.description
AssertionError: Product description does not match expected value</div>
        </div>

        <!-- Automation Script Issues -->
        <div class="test-case failed">
            <div class="test-name">Add item to cart</div>
            <div class="status">Failed</div>
            <div class="error-message">NoSuchElementException: Unable to locate element: //button[@id='add-to-cart']</div>
        </div>

        <div class="test-case failed">
            <div class="test-name">Submit registration form</div>
            <div class="status">Failed</div>
            <div class="error-message">TimeoutException: Element //button[@type='submit'] not clickable after 10 seconds</div>
        </div>

        <!-- More Passed Tests -->
        <div class="test-case passed">
            <div class="test-name">View user profile</div>
            <div class="status">Passed</div>
        </div>

        <div class="test-case passed">
            <div class="test-name">Search functionality</div>
            <div class="status">Passed</div>
        </div>

        <!-- More Application Defects -->
        <div class="test-case failed">
            <div class="test-name">Validate email format</div>
            <div class="status">Failed</div>
            <div class="error-message">AssertionError: Expected email validation to fail for invalid format</div>
        </div>

        <div class="test-case failed">
            <div class="test-name">Check discount calculation</div>
            <div class="status">Failed</div>
            <div class="error-message">assert discount == 20.00
AssertionError: Expected 20% discount, got 15%</div>
        </div>

        <!-- Additional Automation Issues -->
        <div class="test-case failed">
            <div class="test-name">Upload profile picture</div>
            <div class="status">Failed</div>
            <div class="error-message">StaleElementReferenceException: Element is no longer attached to the DOM</div>
        </div>

        <!-- Additional Test Cases -->
        <div class="test-case passed">
            <div class="test-name">User logout test</div>
            <div class="status">Passed</div>
        </div>

        <div class="test-case failed">
            <div class="test-name">Password validation test</div>
            <div class="status">Failed</div>
            <div class="error-message">AssertionError: Password strength validation failed</div>
        </div>

        <div class="test-case failed">
            <div class="test-name">Cart checkout process</div>
            <div class="status">Failed</div>
            <div class="error-message">ElementClickInterceptedException: Element //button[@id='checkout'] is not clickable at point (x, y)</div>
        </div>

        <!-- Large Batch of Mixed Test Cases -->
        <div class="test-case passed">
            <div class="test-name">Menu navigation test 1</div>
            <div class="status">Passed</div>
        </div>

        <div class="test-case failed">
            <div class="test-name">Form validation 1</div>
            <div class="status">Failed</div>
            <div class="error-message">AssertionError: Required field validation not working</div>
        </div>

        <div class="test-case passed">
            <div class="test-name">Menu navigation test 2</div>
            <div class="status">Passed</div>
        </div>

        <div class="test-case failed">
            <div class="test-name">API integration test 1</div>
            <div class="status">Failed</div>
            <div class="error-message">TimeoutException: API response not received within 30 seconds</div>
        </div>

        <!-- Generated Test Cases -->
        ${Array(35).fill().map((_, i) => `
        <div class="test-case ${i % 3 === 0 ? 'passed' : 'failed'}">
            <div class="test-name">Automated Test Case ${i + 1}</div>
            <div class="status">${i % 3 === 0 ? 'Passed' : 'Failed'}</div>
            ${i % 3 !== 0 ? `
            <div class="error-message">${
                i % 2 === 0 
                ? `AssertionError: Expected condition not met in test ${i + 1}`
                : `NoSuchElementException: Element not found in test ${i + 1}`
            }</div>
            ` : ''}
        </div>
        `).join('\n')}
    </div>
</body>
</html>